<?xml version="1.0" encoding="UTF-8"?>
<testng-results skipped="0" failed="0" ignored="0" total="1" passed="1">
  <reporter-output>
  </reporter-output>
  <suite name="Default suite" duration-ms="6616" started-at="2021-11-21T06:30:04Z" finished-at="2021-11-21T06:30:11Z">
    <groups>
    </groups>
    <test name="Default test" duration-ms="6616" started-at="2021-11-21T06:30:04Z" finished-at="2021-11-21T06:30:11Z">
      <class name="Grid.SauceLabs.sauceLabs">
        <test-method status="PASS" signature="setup()[pri:0, instance:Grid.SauceLabs.sauceLabs@4386f16]" name="setup" is-config="true" duration-ms="5715" started-at="2021-11-21T06:30:04Z" finished-at="2021-11-21T06:30:10Z">
          <reporter-output>
          </reporter-output>
        </test-method> <!-- setup -->
        <test-method status="PASS" signature="launchgoogle()[pri:0, instance:Grid.SauceLabs.sauceLabs@4386f16]" name="launchgoogle" duration-ms="657" started-at="2021-11-21T06:30:10Z" finished-at="2021-11-21T06:30:11Z">
          <reporter-output>
          </reporter-output>
        </test-method> <!-- launchgoogle -->
        <test-method status="PASS" signature="teardown()[pri:0, instance:Grid.SauceLabs.sauceLabs@4386f16]" name="teardown" is-config="true" duration-ms="219" started-at="2021-11-21T06:30:11Z" finished-at="2021-11-21T06:30:11Z">
          <reporter-output>
          </reporter-output>
        </test-method> <!-- teardown -->
      </class> <!-- Grid.SauceLabs.sauceLabs -->
    </test> <!-- Default test -->
  </suite> <!-- Default suite -->
</testng-results>
